GET /api/persons 200 223 - 14.636 ms
POST /api/persons 200 59 - 1.129 ms
POST /api/persons 422 35 - 0.794 ms
POST /api/persons 200 62 - 0.622 ms
POST /api/persons 200 59 - 0.698 ms
GET /api/persons 200 406 - 0.473 ms
POST /api/persons 200 59 - 12.769 ms
POST /api/persons 200 59 - 12.136 ms
GET /api/persons 304 - - 2.448 ms
GET /api/persons 304 - - 2.966 ms
GET /api/persons 304 - - 0.689 ms
GET /api/persons 304 - - 0.261 ms
GET /api/persons 304 - - 0.314 ms
GET /api/persons 304 - - 0.350 ms
GET /api/persons 304 - - 0.253 ms
GET /api/persons 304 - - 0.224 ms
GET /api/persons 304 - - 0.228 ms
GET /api/persons 304 - - 0.371 ms
POST /api/persons 400 29 - 11.332 ms
GET /api/persons 304 - - 0.236 ms
POST /api/persons 200 41 - 0.885 ms
GET /api/persons 200 265 - 0.280 ms
DELETE /api/persons/4102 204 - - 0.767 ms
GET /api/persons 200 223 - 0.264 ms
POST /api/persons 200 42 - 0.453 ms
GET /api/persons 200 266 - 0.241 ms
PUT /api/persons/5626 404 28 - 0.568 ms
GET /api/persons 200 223 - 3.098 ms
GET /api/persons 304 - - 0.715 ms
DELETE /api/persons/4 204 - - 0.506 ms
GET /api/persons 200 163 - 0.360 ms
GET /api/persons 304 - - 0.294 ms
GET /api/persons 200 223 - 2.760 msGET / 304 - - 3.420 ms
GET /favicon.ico 404 28 - 0.981 ms
GET / 200 644 - 5.055 ms
GET /static/css/main.4a195d74.css 200 426 - 1.478 ms
GET /static/js/main.4d7dfbc4.js 200 165543 - 2.170 ms
GET /api/persons 304 - - 3.404 ms
GET /manifest.json 200 492 - 0.879 ms
GET /logo192.png 200 5347 - 0.673 ms
GET / 304 - - 3.154 ms
GET /static/js/main.4d7dfbc4.js 304 - - 0.833 ms
GET /static/css/main.4a195d74.css 304 - - 0.419 ms
GET /api/persons 304 - - 2.280 ms
GET /manifest.json 304 - - 0.359 ms
GET /logo192.png 304 - - 0.398 ms
POST /api/persons 500 1536 - 12.884 ms
POST /api/persons 500 1536 - 0.759 ms
POST /api/persons 500 1536 - 0.727 ms
POST /api/persons 500 1536 - 11.024 ms
POST /api/persons 200 81 - 44.977 ms
GET /api/persons 200 223 - 4.002 ms
GET /api/persons/62f0e901713ffc34054edbff 200 71 - 30.609 ms
GET /api/persons 500 1817 - 6.628 ms
GET /api/persons 500 1454 - 6.067 ms
GET /api/persons 500 1454 - 6.520 ms
GET /api/persons 200 236 - 30.583 ms
GET /api/persons 200 236 - 30.238 ms
DELETE /api/persons/62f0e901713ffc34054edbff 204 - - 26.360 ms
GET /api/persons/ 200 164 - 21.700 ms
GET /api/persons/62f0e901713ffc34054edbff 404 - - 27.355 ms
GET /api/persons/62f0e901713ffc34054edbf11 500 1623 - 4.289 ms
GET /api/persons/62f0e901713ffc34054edbf1 404 - - 18.280 ms
GET /api/persons/ 200 164 - 22.640 ms
GET /api/persons/62f0fdef66a6aac93f8db10c 200 81 - 17.720 ms
DELETE /api/persons/62f0fdef66a6aac93f8db10c 204 - - 23.256 ms
DELETE /api/persons/62f0fdef66a6aac93f8db10c 204 - - 16.825 ms
GET /api/persons/62f0fdef66a6aac93f8db10c 404 - - 17.760 ms
GET /api/persons/ 200 82 - 19.903 ms
PUT /api/persons/62f0e92ff569e2637b07c252 500 1506 - 8.224 ms
PUT /api/persons/62f0e92ff569e2637b07c252 200 78 - 42.765 ms
GET /api/persons/62f0e92ff569e2637b07c252 200 78 - 23.548 ms
GET /api/persons/ 200 80 - 19.715 ms
POST /api/persons 200 80 - 29.192 ms
POST /api/persons 200 80 - 24.138 ms
GET /api/persons 200 242 - 18.433 ms
